  Camera.cpp
  Level_Loader.cpp
  Stage.cpp
C:\Users\2240705\Desktop\Project-Platformer\Source\Level_Loader.cpp(30,11): warning C4553: '==': 式の結果が使用されていません。'=' を意図していますか?
C:\Users\2240705\Desktop\Project-Platformer\Source\Level_Loader.cpp(64,24): warning C4390: ';': 制御が空の文が見つかりました。意図した記述でしょうか?
C:\Program Files\Microsoft Visual Studio\2022\Community\VC\Tools\MSVC\14.44.35207\include\xutility(4813,18): warning C4244: '=': 'wchar_t' から 'char' への変換です。データが失われる可能性があります。
  (ソース ファイル 'Source/Level_Loader.cpp' をコンパイルしています)
      C:\Program Files\Microsoft Visual Studio\2022\Community\VC\Tools\MSVC\14.44.35207\include\xutility(4813,18):
      テンプレートインスタンス化コンテキスト (最初に最も古いもの) は
          C:\Users\2240705\Desktop\Project-Platformer\Source\Level_Loader.cpp(54,22):
          コンパイル対象の関数 テンプレート インスタンス化 'std::basic_string<char,std::char_traits<char>,std::allocator<char>>::basic_string<std::_String_iterator<std::_String_val<std::_Simple_types<_Elem>>>,0>(_Iter,_Iter,const _Alloc &)' のリファレンスを確認してください
          with
          [
              _Elem=wchar_t,
              _Iter=std::_String_iterator<std::_String_val<std::_Simple_types<wchar_t>>>,
              _Alloc=std::allocator<char>
          ]
              C:\Users\2240705\Desktop\Project-Platformer\Source\Level_Loader.cpp(54,9):
              'Level_Loader::Load' の 'std::basic_string<char,std::char_traits<char>,std::allocator<char>>::basic_string' への最初の参照を参照してください
          C:\Program Files\Microsoft Visual Studio\2022\Community\VC\Tools\MSVC\14.44.35207\include\xstring(812,17):
          コンパイル対象の関数 テンプレート インスタンス化 'void std::basic_string<char,std::char_traits<char>,std::allocator<char>>::_Construct_from_iter<wchar_t*,wchar_t*,_Size_type>(_Iter,const _Sent,_Size)' のリファレンスを確認してください
          with
          [
              _Size_type=unsigned __int64,
              _Iter=wchar_t *,
              _Sent=wchar_t *,
              _Size=unsigned __int64
          ]
          C:\Program Files\Microsoft Visual Studio\2022\Community\VC\Tools\MSVC\14.44.35207\include\xstring(968,18):
          コンパイル対象の関数 テンプレート インスタンス化 '_OutIt *std::_Copy_n_unchecked4<wchar_t*,_Size,char*>(_InIt,_SizeTy,_OutIt)' のリファレンスを確認してください
          with
          [
              _OutIt=char *,
              _Size=unsigned __int64,
              _InIt=wchar_t *,
              _SizeTy=unsigned __int64
          ]
  
     ライブラリ bin\x64\Debug\Game.lib とオブジェクト bin\x64\Debug\Game.exp を作成中
  Game.vcxproj -> C:\Users\2240705\Desktop\Project-Platformer\bin\x64\Debug\Game.exe
